Log file open, 02/07/17 22:51:06
LogInit:Display: Running engine for game: FightGame
LogPlatformFile: Not using cached read wrapper
LogInit:Display: RandInit(-1927380418) SRandInit(-1927380418).
LogTaskGraph: Started task graph with 5 named threads and 8 total threads with 1 sets of task threads.
LogStats: Stats thread started at 3.383276
LogPluginManager: Loaded Plugin Paper2D, From C:/Epic Games/4.14/Engine/Plugins/2D/Paper2D/Paper2D.uplugin
LogPluginManager: Loaded Plugin LightPropagationVolume, From C:/Epic Games/4.14/Engine/Plugins/Blendables/LightPropagationVolume/LightPropagationVolume.uplugin
LogPluginManager: Loaded Plugin BlankPlugin, From C:/Epic Games/4.14/Engine/Plugins/Developer/BlankPlugin/BlankPlugin.uplugin
LogPluginManager: Loaded Plugin CodeLiteSourceCodeAccess, From C:/Epic Games/4.14/Engine/Plugins/Developer/CodeLiteSourceCodeAccess/CodeLiteSourceCodeAccess.uplugin
LogPluginManager: Loaded Plugin GitSourceControl, From C:/Epic Games/4.14/Engine/Plugins/Developer/GitSourceControl/GitSourceControl.uplugin
LogPluginManager: Loaded Plugin KDevelopSourceCodeAccess, From C:/Epic Games/4.14/Engine/Plugins/Developer/KDevelopSourceCodeAccess/KDevelopSourceCodeAccess.uplugin
LogPluginManager: Loaded Plugin NullSourceCodeAccess, From C:/Epic Games/4.14/Engine/Plugins/Developer/NullSourceCodeAccess/NullSourceCodeAccess.uplugin
LogPluginManager: Loaded Plugin OneSkyLocalizationService, From C:/Epic Games/4.14/Engine/Plugins/Developer/OneSkyLocalizationService/OneSkyLocalizationService.uplugin
LogPluginManager: Loaded Plugin PerforceSourceControl, From C:/Epic Games/4.14/Engine/Plugins/Developer/PerforceSourceControl/PerforceSourceControl.uplugin
LogPluginManager: Loaded Plugin SubversionSourceControl, From C:/Epic Games/4.14/Engine/Plugins/Developer/SubversionSourceControl/SubversionSourceControl.uplugin
LogPluginManager: Loaded Plugin UObjectPlugin, From C:/Epic Games/4.14/Engine/Plugins/Developer/UObjectPlugin/UObjectPlugin.uplugin
LogPluginManager: Loaded Plugin VisualStudioSourceCodeAccess, From C:/Epic Games/4.14/Engine/Plugins/Developer/VisualStudioSourceCodeAccess/VisualStudioSourceCodeAccess.uplugin
LogPluginManager: Loaded Plugin XCodeSourceCodeAccess, From C:/Epic Games/4.14/Engine/Plugins/Developer/XCodeSourceCodeAccess/XCodeSourceCodeAccess.uplugin
LogPluginManager: Loaded Plugin AudioCapture, From C:/Epic Games/4.14/Engine/Plugins/Editor/AudioCapture/AudioCapture.uplugin
LogPluginManager: Loaded Plugin EpicSurvey, From C:/Epic Games/4.14/Engine/Plugins/Editor/EpicSurvey/EpicSurvey.uplugin
LogPluginManager: Loaded Plugin MacGraphicsSwitching, From C:/Epic Games/4.14/Engine/Plugins/Editor/MacGraphicsSwitching/MacGraphicsSwitching.uplugin
LogPluginManager: Loaded Plugin MobileLauncherProfileWizard, From C:/Epic Games/4.14/Engine/Plugins/Editor/MobileLauncherProfileWizard/MobileLauncherProfileWizard.uplugin
LogPluginManager: Loaded Plugin PluginBrowser, From C:/Epic Games/4.14/Engine/Plugins/Editor/PluginBrowser/PluginBrowser.uplugin
LogPluginManager: Loaded Plugin SpeedTreeImporter, From C:/Epic Games/4.14/Engine/Plugins/Editor/SpeedTreeImporter/SpeedTreeImporter.uplugin
LogPluginManager: Loaded Plugin SuperSearchEditor, From C:/Epic Games/4.14/Engine/Plugins/Editor/SuperSearchEditor/SuperSearchEditor.uplugin
LogPluginManager: Loaded Plugin AlembicImporter, From C:/Epic Games/4.14/Engine/Plugins/Experimental/AlembicImporter/AlembicImporter.uplugin
LogPluginManager: Loaded Plugin BlueprintStats, From C:/Epic Games/4.14/Engine/Plugins/Experimental/BlueprintStats/BlueprintStats.uplugin
LogPluginManager: Loaded Plugin CharacterAI, From C:/Epic Games/4.14/Engine/Plugins/Experimental/CharacterAI/CharacterAI.uplugin
LogPluginManager: Loaded Plugin CodeEditor, From C:/Epic Games/4.14/Engine/Plugins/Experimental/CodeEditor/CodeEditor.uplugin
LogPluginManager: Loaded Plugin CodeView, From C:/Epic Games/4.14/Engine/Plugins/Experimental/CodeView/CodeView.uplugin
LogPluginManager: Loaded Plugin HTML5Networking, From C:/Epic Games/4.14/Engine/Plugins/Experimental/HTML5Networking/HTML5Networking.uplugin
LogPluginManager: Loaded Plugin OSVR, From C:/Epic Games/4.14/Engine/Plugins/Experimental/OSVR/OSVR.uplugin
LogPluginManager: Loaded Plugin Phya, From C:/Epic Games/4.14/Engine/Plugins/Experimental/Phya/Phya.uplugin
LogPluginManager: Loaded Plugin SignificanceManager, From C:/Epic Games/4.14/Engine/Plugins/Experimental/SignificanceManager/SignificanceManager.uplugin
LogPluginManager: Loaded Plugin SimpleHMD, From C:/Epic Games/4.14/Engine/Plugins/Experimental/SimpleHMD/SimpleHMD.uplugin
LogPluginManager: Loaded Plugin StereoPanorama, From C:/Epic Games/4.14/Engine/Plugins/Experimental/StereoPanorama/StereoPanorama.uplugin
LogPluginManager: Loaded Plugin StructBox, From C:/Epic Games/4.14/Engine/Plugins/Experimental/StructBox/StructBox.uplugin
LogPluginManager: Loaded Plugin Substance, From C:/Epic Games/4.14/Engine/Plugins/Marketplace/Substance/Substance.uplugin
LogPluginManager: Loaded Plugin VaRestPlugin, From C:/Epic Games/4.14/Engine/Plugins/Marketplace/VaRestPlugin/VaRestPlugin.uplugin
LogPluginManager: Loaded Plugin AndroidMedia, From C:/Epic Games/4.14/Engine/Plugins/Media/AndroidMedia/AndroidMedia.uplugin
LogPluginManager: Loaded Plugin AvfMedia, From C:/Epic Games/4.14/Engine/Plugins/Media/AvfMedia/AvfMedia.uplugin
LogPluginManager: Loaded Plugin MediaPlayerEditor, From C:/Epic Games/4.14/Engine/Plugins/Media/MediaPlayerEditor/MediaPlayerEditor.uplugin
LogPluginManager: Loaded Plugin WmfMedia, From C:/Epic Games/4.14/Engine/Plugins/Media/WmfMedia/WmfMedia.uplugin
LogPluginManager: Loaded Plugin MessagingDebugger, From C:/Epic Games/4.14/Engine/Plugins/Messaging/MessagingDebugger/MessagingDebugger.uplugin
LogPluginManager: Loaded Plugin TcpMessaging, From C:/Epic Games/4.14/Engine/Plugins/Messaging/TcpMessaging/TcpMessaging.uplugin
LogPluginManager: Loaded Plugin UdpMessaging, From C:/Epic Games/4.14/Engine/Plugins/Messaging/UdpMessaging/UdpMessaging.uplugin
LogPluginManager: Loaded Plugin LevelSequenceEditor, From C:/Epic Games/4.14/Engine/Plugins/MovieScene/LevelSequenceEditor/LevelSequenceEditor.uplugin
LogPluginManager: Loaded Plugin MatineeToLevelSequence, From C:/Epic Games/4.14/Engine/Plugins/MovieScene/MatineeToLevelSequence/MatineeToLevelSequence.uplugin
LogPluginManager: Loaded Plugin NetcodeUnitTest, From C:/Epic Games/4.14/Engine/Plugins/NetcodeUnitTest/NetcodeUnitTest/NetcodeUnitTest.uplugin
LogPluginManager: Loaded Plugin NUTUnrealEngine4, From C:/Epic Games/4.14/Engine/Plugins/NetcodeUnitTest/NUTUnrealEngine4/NUTUnrealEngine4.uplugin
LogPluginManager: Loaded Plugin OnlineSubsystemGameCircle, From C:/Epic Games/4.14/Engine/Plugins/Online/Android/OnlineSubsystemGameCircle/OnlineSubsystemGameCircle.uplugin
LogPluginManager: Loaded Plugin OnlineSubsystemGooglePlay, From C:/Epic Games/4.14/Engine/Plugins/Online/Android/OnlineSubsystemGooglePlay/OnlineSubsystemGooglePlay.uplugin
LogPluginManager: Loaded Plugin OnlineSubsystemIOS, From C:/Epic Games/4.14/Engine/Plugins/Online/IOS/OnlineSubsystemIOS/OnlineSubsystemIOS.uplugin
LogPluginManager: Loaded Plugin OnlineFramework, From C:/Epic Games/4.14/Engine/Plugins/Online/OnlineFramework/OnlineFramework.uplugin
LogPluginManager: Loaded Plugin OnlineSubsystem, From C:/Epic Games/4.14/Engine/Plugins/Online/OnlineSubsystem/OnlineSubsystem.uplugin
LogPluginManager: Loaded Plugin OnlineSubsystemAmazon, From C:/Epic Games/4.14/Engine/Plugins/Online/OnlineSubsystemAmazon/OnlineSubsystemAmazon.uplugin
LogPluginManager: Loaded Plugin OnlineSubsystemFacebook, From C:/Epic Games/4.14/Engine/Plugins/Online/OnlineSubsystemFacebook/OnlineSubsystemFacebook.uplugin
LogPluginManager: Loaded Plugin OnlineSubsystemNull, From C:/Epic Games/4.14/Engine/Plugins/Online/OnlineSubsystemNull/OnlineSubsystemNull.uplugin
LogPluginManager: Loaded Plugin OnlineSubsystemOculus, From C:/Epic Games/4.14/Engine/Plugins/Online/OnlineSubsystemOculus/OnlineSubsystemOculus.uplugin
LogPluginManager: Loaded Plugin OnlineSubsystemSteam, From C:/Epic Games/4.14/Engine/Plugins/Online/OnlineSubsystemSteam/OnlineSubsystemSteam.uplugin
LogPluginManager: Loaded Plugin OnlineSubsystemUtils, From C:/Epic Games/4.14/Engine/Plugins/Online/OnlineSubsystemUtils/OnlineSubsystemUtils.uplugin
LogPluginManager: Loaded Plugin IOSTapJoy, From C:/Epic Games/4.14/Engine/Plugins/Runtime/Advertising/IOSTapJoy/IOSTapJoy.uplugin
LogPluginManager: Loaded Plugin AnalyticsBlueprintLibrary, From C:/Epic Games/4.14/Engine/Plugins/Runtime/Analytics/AnalyticsBlueprintLibrary/AnalyticsBlueprintLibrary.uplugin
LogPluginManager: Loaded Plugin AnalyticsMulticast, From C:/Epic Games/4.14/Engine/Plugins/Runtime/Analytics/AnalyticsMulticast/AnalyticsMulticast.uplugin
LogPluginManager: Loaded Plugin Apsalar, From C:/Epic Games/4.14/Engine/Plugins/Runtime/Analytics/Apsalar/Apsalar.uplugin
LogPluginManager: Loaded Plugin FileLogging, From C:/Epic Games/4.14/Engine/Plugins/Runtime/Analytics/FileLogging/FileLogging.uplugin
LogPluginManager: Loaded Plugin Flurry, From C:/Epic Games/4.14/Engine/Plugins/Runtime/Analytics/Flurry/Flurry.uplugin
LogPluginManager: Loaded Plugin AndroidDeviceProfileSelector, From C:/Epic Games/4.14/Engine/Plugins/Runtime/AndroidDeviceProfileSelector/AndroidDeviceProfileSelector.uplugin
LogPluginManager: Loaded Plugin AndroidMoviePlayer, From C:/Epic Games/4.14/Engine/Plugins/Runtime/AndroidMoviePlayer/AndroidMoviePlayer.uplugin
LogPluginManager: Loaded Plugin AppleMoviePlayer, From C:/Epic Games/4.14/Engine/Plugins/Runtime/AppleMoviePlayer/AppleMoviePlayer.uplugin
LogPluginManager: Loaded Plugin ArchVisCharacter, From C:/Epic Games/4.14/Engine/Plugins/Runtime/ArchVisCharacter/ArchVisCharacter.uplugin
LogPluginManager: Loaded Plugin CableComponent, From C:/Epic Games/4.14/Engine/Plugins/Runtime/CableComponent/CableComponent.uplugin
LogPluginManager: Loaded Plugin CustomMeshComponent, From C:/Epic Games/4.14/Engine/Plugins/Runtime/CustomMeshComponent/CustomMeshComponent.uplugin
LogPluginManager: Loaded Plugin ExampleDeviceProfileSelector, From C:/Epic Games/4.14/Engine/Plugins/Runtime/ExampleDeviceProfileSelector/ExampleDeviceProfileSelector.uplugin
LogPluginManager: Loaded Plugin GearVR, From C:/Epic Games/4.14/Engine/Plugins/Runtime/GearVR/GearVR.uplugin
LogPluginManager: Loaded Plugin GoogleVRController, From C:/Epic Games/4.14/Engine/Plugins/Runtime/GoogleVR/GoogleVRController/GoogleVRController.uplugin
LogPluginManager: Loaded Plugin GoogleVRHMD, From C:/Epic Games/4.14/Engine/Plugins/Runtime/GoogleVR/GoogleVRHMD/GoogleVRHMD.uplugin
LogPluginManager: Loaded Plugin IOSDeviceProfileSelector, From C:/Epic Games/4.14/Engine/Plugins/Runtime/IOSDeviceProfileSelector/IOSDeviceProfileSelector.uplugin
LogPluginManager: Loaded Plugin LeapMotion, From C:/Epic Games/4.14/Engine/Plugins/Runtime/LeapMotion/LeapMotion.uplugin
LogPluginManager: Loaded Plugin LinuxDeviceProfileSelector, From C:/Epic Games/4.14/Engine/Plugins/Runtime/LinuxDeviceProfileSelector/LinuxDeviceProfileSelector.uplugin
LogPluginManager: Loaded Plugin MIDIDevice, From C:/Epic Games/4.14/Engine/Plugins/Runtime/MIDIDevice/MIDIDevice.uplugin
LogPluginManager: Loaded Plugin MobilePatchingUtils, From C:/Epic Games/4.14/Engine/Plugins/Runtime/MobilePatchingUtils/MobilePatchingUtils.uplugin
LogPluginManager: Loaded Plugin Ansel, From C:/Epic Games/4.14/Engine/Plugins/Runtime/Nvidia/Ansel/Ansel.uplugin
LogPluginManager: Loaded Plugin OculusAudio, From C:/Epic Games/4.14/Engine/Plugins/Runtime/OculusAudio/OculusAudio.uplugin
LogPluginManager: Loaded Plugin OculusInput, From C:/Epic Games/4.14/Engine/Plugins/Runtime/OculusInput/OculusInput.uplugin
LogPluginManager: Loaded Plugin OculusLibrary, From C:/Epic Games/4.14/Engine/Plugins/Runtime/OculusLibrary/OculusLibrary.uplugin
LogPluginManager: Loaded Plugin OculusRift, From C:/Epic Games/4.14/Engine/Plugins/Runtime/OculusRift/OculusRift.uplugin
LogPluginManager: Loaded Plugin Oodle, From C:/Epic Games/4.14/Engine/Plugins/Runtime/PacketHandlers/CompressionComponents/Oodle/Oodle.uplugin
LogPluginManager: Loaded Plugin ProceduralMeshComponent, From C:/Epic Games/4.14/Engine/Plugins/Runtime/ProceduralMeshComponent/ProceduralMeshComponent.uplugin
LogPluginManager: Loaded Plugin SoundMod, From C:/Epic Games/4.14/Engine/Plugins/Runtime/SoundMod/SoundMod.uplugin
LogPluginManager: Loaded Plugin SoundVisualizations, From C:/Epic Games/4.14/Engine/Plugins/Runtime/SoundVisualizations/SoundVisualizations.uplugin
LogPluginManager: Loaded Plugin SteamController, From C:/Epic Games/4.14/Engine/Plugins/Runtime/Steam/SteamController/SteamController.uplugin
LogPluginManager: Loaded Plugin SteamVR, From C:/Epic Games/4.14/Engine/Plugins/Runtime/Steam/SteamVR/SteamVR.uplugin
LogPluginManager: Loaded Plugin WebBrowserWidget, From C:/Epic Games/4.14/Engine/Plugins/Runtime/WebBrowserWidget/WebBrowserWidget.uplugin
LogPluginManager: Loaded Plugin WindowsDeviceProfileSelector, From C:/Epic Games/4.14/Engine/Plugins/Runtime/WindowsDeviceProfileSelector/WindowsDeviceProfileSelector.uplugin
LogPluginManager: Loaded Plugin WindowsMoviePlayer, From C:/Epic Games/4.14/Engine/Plugins/Runtime/WindowsMoviePlayer/WindowsMoviePlayer.uplugin
LogPluginManager: Loaded Plugin ScriptPlugin, From C:/Epic Games/4.14/Engine/Plugins/ScriptPlugin/ScriptPlugin.uplugin
LogPluginManager: Loaded Plugin SlateRemote, From C:/Epic Games/4.14/Engine/Plugins/Slate/SlateRemote/SlateRemote.uplugin
LogPluginManager: Loaded Plugin EditorTests, From C:/Epic Games/4.14/Engine/Plugins/Tests/EditorTests/EditorTests.uplugin
LogPluginManager: Loaded Plugin FbxAutomationTestBuilder, From C:/Epic Games/4.14/Engine/Plugins/Tests/FbxAutomationTestBuilder/FbxAutomationTestBuilder.uplugin
LogPluginManager: Loaded Plugin FunctionalTestingEditor, From C:/Epic Games/4.14/Engine/Plugins/Tests/FunctionalTestingEditor/FunctionalTestingEditor.uplugin
LogPluginManager: Loaded Plugin RuntimeTests, From C:/Epic Games/4.14/Engine/Plugins/Tests/RuntimeTests/RuntimeTests.uplugin
LogPluginManager: Loaded Plugin ScreenshotTools, From C:/Epic Games/4.14/Engine/Plugins/Tests/ScreenshotTools/ScreenshotTools.uplugin
LogInit: Using libcurl 7.47.1
LogInit:  - built for x86_64-pc-win32
LogInit:  - supports SSL with OpenSSL/1.0.2g
LogInit:  - supports HTTP deflate (compression) using libz 1.2.8
LogInit:  - other features:
LogInit:      CURL_VERSION_SSL
LogInit:      CURL_VERSION_LIBZ
LogInit:      CURL_VERSION_IPV6
LogInit:      CURL_VERSION_ASYNCHDNS
LogInit:      CURL_VERSION_LARGEFILE
LogInit:      CURL_VERSION_IDN
LogInit:  CurlRequestOptions (configurable via config and command line):
LogInit:  - bVerifyPeer = false  - Libcurl will NOT verify peer certificate
LogInit:  - bUseHttpProxy = false  - Libcurl will NOT use HTTP proxy
LogInit:  - bDontReuseConnections = false  - Libcurl will reuse connections
LogInit:  - CertBundlePath = nullptr  - Libcurl will use whatever was configured at build time.
LogInit: Build: ++UE4+Release-4.14-CL-3249277
LogInit: Engine Version: 4.14.3-3249277+++UE4+Release-4.14
LogInit: Compatible Engine Version: 4.14.0-3195953+++UE4+Release-4.14
LogInit: Net CL: 3195953
LogDevObjectVersion: Number of dev versions registered: 13
LogDevObjectVersion:   Dev-Blueprints (B0D832E4-1F89-4F0D-ACCF-7EB736FD4AA2): 7
LogDevObjectVersion:   Dev-Build (E1C64328-A22C-4D53-A36C-8E866417BD8C): 0
LogDevObjectVersion:   Dev-Core (375EC13C-06E4-48FB-B500-84F0262A717E): 1
LogDevObjectVersion:   Dev-Editor (E4B068ED-F494-42E9-A231-DA0B2E46BB41): 8
LogDevObjectVersion:   Dev-Framework (CFFC743F-43B0-4480-9391-14DF171D2073): 17
LogDevObjectVersion:   Dev-Mobile (B02B49B5-BB20-44E9-A304-32B752E40360): 0
LogDevObjectVersion:   Dev-Networking (A4E4105C-59A1-49B5-A7C5-40C4547EDFEE): 0
LogDevObjectVersion:   Dev-Online (39C831C9-5AE6-47DC-9A44-9C173E1C8E7C): 0
LogDevObjectVersion:   Dev-Physics (78F01B33-EBEA-4F98-B9B4-84EACCB95AA2): 0
LogDevObjectVersion:   Dev-Platform (6631380F-2D4D-43E0-8009-CF276956A95A): 0
LogDevObjectVersion:   Dev-Rendering (12F88B9F-8875-4AFC-A67C-D90C383ABD29): 12
LogDevObjectVersion:   Dev-Sequencer (7B5AE74C-D270-4C10-A958-57980B212A5A): 1
LogDevObjectVersion:   Dev-VR (D7296918-1DD6-4BDD-9DE2-64A83CC13884): 0
LogInit: Compiled (64-bit): Jan  6 2017 10:49:43
LogInit: Compiled with Visual C++: 19.00.23026.00
LogInit: Build Configuration: Development
LogInit: Branch Name: ++UE4+Release-4.14
LogInit: Command line:  
LogInit: Base directory: C:/Epic Games/4.14/Engine/Binaries/Win64/
LogInit: Installed Engine Build: 1
LogInit: Presizing for max 8388607 objects, including 0 objects not considered by GC, pre-allocating 0 bytes for permanent pool.
LogInit: Object subsystem initialized
[2017.02.07-20.51.07:965][  0]LogInit: Selected Device Profile: [Windows]
[2017.02.07-20.51.07:965][  0]LogInit: Applying CVar settings loaded from the selected device profile: [Windows]
[2017.02.07-20.51.08:106][  0]LogInit: Computer: DESKTOP-LVAGME2
[2017.02.07-20.51.08:107][  0]LogInit: User: Mariu
[2017.02.07-20.51.08:107][  0]LogInit: CPU Page size=65536, Cores=4
[2017.02.07-20.51.08:107][  0]LogInit: High frequency timer resolution =3.410233 MHz
[2017.02.07-20.51.08:107][  0]LogMemory: Memory total: Physical=16.0GB (16GB approx)
[2017.02.07-20.51.08:110][  0]LogMemory: Platform Memory Stats for Windows
[2017.02.07-20.51.08:110][  0]LogMemory: Process Physical Memory: 263.58 MB used, 263.58 MB peak
[2017.02.07-20.51.08:110][  0]LogMemory: Process Virtual Memory: 262.41 MB used, 262.41 MB peak
[2017.02.07-20.51.08:110][  0]LogMemory: Physical Memory: 6766.82 MB used,  9587.13 MB free, 16353.95 MB total
[2017.02.07-20.51.08:110][  0]LogMemory: Virtual Memory: 683.83 MB used,  9587.13 MB free, 134217728.00 MB total
[2017.02.07-20.51.09:317][  0]LogTextLocalizationManager: No specific translations for ('en-ZA') exist, so ('en') translations will be used.
[2017.02.07-20.51.13:028][  0]LogD3D11RHI: D3D11 adapters:
[2017.02.07-20.51.13:312][  0]LogD3D11RHI:    0. 'NVIDIA GeForce GTX 770' (Feature Level 11_0)
[2017.02.07-20.51.13:312][  0]LogD3D11RHI:       4063/0/8176 MB DedicatedVideo/DedicatedSystem/SharedSystem, Outputs:1, VendorId:0x10de
[2017.02.07-20.51.13:314][  0]LogD3D11RHI:    1. 'Microsoft Basic Render Driver' (Feature Level 11_0)
[2017.02.07-20.51.13:314][  0]LogD3D11RHI:       0/0/8176 MB DedicatedVideo/DedicatedSystem/SharedSystem, Outputs:0, VendorId:0x1414
[2017.02.07-20.51.13:314][  0]LogD3D11RHI: Chosen D3D11 Adapter: 0
[2017.02.07-20.51.13:328][  0]LogD3D11RHI: Creating new Direct3DDevice
[2017.02.07-20.51.13:328][  0]LogD3D11RHI:     GPU DeviceId: 0x1184 (for the marketing name, search the web for "GPU Device Id")
[2017.02.07-20.51.13:328][  0]LogWindows: EnumDisplayDevices:
[2017.02.07-20.51.13:329][  0]LogWindows:    0. 'NVIDIA GeForce GTX 770' (P:1 D:1)
[2017.02.07-20.51.13:329][  0]LogWindows:    1. 'NVIDIA GeForce GTX 770' (P:0 D:0)
[2017.02.07-20.51.13:330][  0]LogWindows:    2. 'NVIDIA GeForce GTX 770' (P:0 D:0)
[2017.02.07-20.51.13:331][  0]LogWindows:    3. 'NVIDIA GeForce GTX 770' (P:0 D:0)
[2017.02.07-20.51.13:332][  0]LogWindows: DebugString: FoundDriverCount:4 
[2017.02.07-20.51.13:332][  0]LogD3D11RHI:     Adapter Name: NVIDIA GeForce GTX 770
[2017.02.07-20.51.13:333][  0]LogD3D11RHI:   Driver Version: 378.49 (internal:21.21.13.7849, unified:378.49)
[2017.02.07-20.51.13:333][  0]LogD3D11RHI:      Driver Date: 1-20-2017
[2017.02.07-20.51.13:333][  0]LogRHI: Texture pool is 1361 MB (70% of 1945 MB)
[2017.02.07-20.51.13:563][  0]LogD3D11RHI:Warning: Timestamp queries are currently disabled on this hardware due to instability. Realtime GPU stats will not be available. You can override this behaviour by setting r.NVIDIATimestampWorkaround to 0
[2017.02.07-20.51.13:563][  0]LogD3D11RHI: Async texture creation enabled
[2017.02.07-20.51.13:897][  0]LogD3D11RHI: GPU Timing Frequency: 1000.000000 (Debug: 2 2)
[2017.02.07-20.51.13:990][  0]LogShaderCompilers: Guid format shader working directory is 14 characters bigger than the processId version (D:/Dev/2017/FightGame/FightGame/Intermediate/Shaders/WorkingDirectory/22472/).
[2017.02.07-20.51.13:990][  0]LogShaderCompilers: Cleaned the shader compiler working directory 'C:/Users/Mariu/AppData/Local/Temp/UnrealShaderWorkingDir/8544F96B4D91E9A3EBBECDA32A17738F/'.
[2017.02.07-20.51.13:990][  0]LogShaderCompilers:Display: Using Local Shader Compiler.
[2017.02.07-20.51.20:523][  0]LogTemp:Display: Loaded TP AllDesktopTargetPlatform
[2017.02.07-20.51.20:752][  0]LogTemp:Display: Loaded TP MacClientTargetPlatform
[2017.02.07-20.51.20:993][  0]LogTemp:Display: Loaded TP MacNoEditorTargetPlatform
[2017.02.07-20.51.21:236][  0]LogTemp:Display: Loaded TP MacServerTargetPlatform
[2017.02.07-20.51.21:543][  0]LogTemp:Display: Loaded TP MacTargetPlatform
[2017.02.07-20.51.21:825][  0]LogTemp:Display: Loaded TP WindowsClientTargetPlatform
[2017.02.07-20.51.22:055][  0]LogTemp:Display: Loaded TP WindowsNoEditorTargetPlatform
[2017.02.07-20.51.22:290][  0]LogTemp:Display: Loaded TP WindowsServerTargetPlatform
[2017.02.07-20.51.22:506][  0]LogTemp:Display: Loaded TP WindowsTargetPlatform
[2017.02.07-20.51.22:745][  0]LogTemp:Display: Loaded TP AndroidTargetPlatform
[2017.02.07-20.51.22:970][  0]LogTemp:Display: Loaded TP Android_ASTCTargetPlatform
[2017.02.07-20.51.23:223][  0]LogTemp:Display: Loaded TP Android_ATCTargetPlatform
[2017.02.07-20.51.23:456][  0]LogTemp:Display: Loaded TP Android_DXTTargetPlatform
[2017.02.07-20.51.23:683][  0]LogTemp:Display: Loaded TP Android_ETC1TargetPlatform
[2017.02.07-20.51.23:911][  0]LogTemp:Display: Loaded TP Android_ETC2TargetPlatform
[2017.02.07-20.51.24:370][  0]LogTemp:Display: Loaded TP Android_MultiTargetPlatform
[2017.02.07-20.51.24:370][  0]LogTemp:Display: Loaded TP Android_PVRTCTargetPlatform
[2017.02.07-20.51.24:581][  0]LogTemp:Display: Loaded TP HTML5TargetPlatform
[2017.02.07-20.51.25:211][  0]LogTemp:Display: Loaded TP IOSTargetPlatform
[2017.02.07-20.51.25:355][  0]LogTemp:Display: Loaded TP TVOSTargetPlatform
[2017.02.07-20.51.25:608][  0]LogTemp:Display: Loaded TP LinuxClientTargetPlatform
[2017.02.07-20.51.25:878][  0]LogTemp:Display: Loaded TP LinuxNoEditorTargetPlatform
[2017.02.07-20.51.26:134][  0]LogTemp:Display: Loaded TP LinuxServerTargetPlatform
[2017.02.07-20.51.26:376][  0]LogTemp:Display: Loaded TP LinuxTargetPlatform
[2017.02.07-20.51.26:376][  0]LogTargetPlatformManager:Display: Building Assets For Windows
[2017.02.07-20.51.29:727][  0]LogDerivedDataCache:Display: Max Cache Size: 512 MB
[2017.02.07-20.51.30:952][  0]LogDerivedDataCache: Loaded boot cache 1.18s 50MB C:/Users/Mariu/AppData/Local/UnrealEngine/4.14/DerivedDataCache/Boot.ddc.
[2017.02.07-20.51.30:952][  0]LogDerivedDataCache:Display: Loaded Boot cache: C:/Users/Mariu/AppData/Local/UnrealEngine/4.14/DerivedDataCache/Boot.ddc
[2017.02.07-20.51.30:952][  0]LogDerivedDataCache: FDerivedDataBackendGraph:  Pak pak cache file D:/Dev/2017/FightGame/FightGame/DerivedDataCache/DDC.ddp not found, will not use a pak cache.
[2017.02.07-20.51.30:952][  0]LogDerivedDataCache: Unable to find inner node Pak for hierarchical cache Hierarchy.
[2017.02.07-20.51.30:953][  0]LogDerivedDataCache: FDerivedDataBackendGraph:  CompressedPak pak cache file D:/Dev/2017/FightGame/FightGame/DerivedDataCache/Compressed.ddp not found, will not use a pak cache.
[2017.02.07-20.51.30:953][  0]LogDerivedDataCache: Unable to find inner node CompressedPak for hierarchical cache Hierarchy.
[2017.02.07-20.51.31:055][  0]LogDerivedDataCache:Display: Pak cache opened for reading ../../../Engine/DerivedDataCache/Compressed.ddp.
[2017.02.07-20.51.31:103][  0]LogDerivedDataCache: Using Local data cache path C:/Users/Mariu/AppData/Local/UnrealEngine/Common/DerivedDataCache: Writable
[2017.02.07-20.51.43:008][  0]LogInit: Selected Device Profile: [Windows]
[2017.02.07-20.51.43:105][  0]LogContentStreaming: Texture pool size is 0.00 MB
[2017.02.07-20.51.44:504][  0]LogMeshUtilities: Using QuadricMeshReduction for automatic static mesh reduction
[2017.02.07-20.51.44:831][  0]LogSimplygon: Simplygon DLL not present - disabling.
[2017.02.07-20.51.45:099][  0]LogMeshUtilities: Using SimplygonSwarm for distributed automatic mesh merging
[2017.02.07-20.51.45:099][  0]LogMeshUtilities: No automatic skeletal mesh reduction module available
[2017.02.07-20.51.45:099][  0]LogMeshUtilities: No automatic mesh merging module available
[2017.02.07-20.51.53:046][  0]LogNetVersion: GetLocalNetworkVersion: CL: 3195953, ProjectName: fightgame, ProjectVersion: , EngineNetworkVersion: 2, GameNetworkVersion: 0, NetworkChecksum: 137754511
[2017.02.07-20.51.53:592][  0]LogAssetRegistry: FAssetRegistry took 0.0269 seconds to start up
[2017.02.07-20.51.54:012][  0]LogPackageLocalizationCache: Processed 3 localized package path(s) for 2 prioritized culture(s) in 0.190958 seconds
[2017.02.07-20.51.54:053][  0]LogUObjectArray: 31946 objects as part of root set at end of initial load.
[2017.02.07-20.51.54:053][  0]LogUObjectAllocator: 6935840 out of 0 bytes used by permanent object pool.
[2017.02.07-20.51.54:053][  0]LogUObjectArray: CloseDisregardForGC: 0/0 objects in disregard for GC pool
[2017.02.07-20.51.54:558][  0]LogInit: WinSock: version 1.1 (2.2), MaxSocks=32767, MaxUdp=65467
[2017.02.07-20.52.02:779][  0]LogSlate: Using Freetype 2.6.0
[2017.02.07-20.52.02:867][  0]LogSlate: SlateFontCache - WITH_FREETYPE: 1, WITH_HARFBUZZ: 1
[2017.02.07-20.52.02:868][  0]LogSlate: SlateFontCache - WITH_FREETYPE: 1, WITH_HARFBUZZ: 1
[2017.02.07-20.52.11:469][  0]LogSubstanceCoreModule: Substance [CPU] Engine Loaded, Max Texture Size = 2048
[2017.02.07-20.52.12:196][  0]LogTcpMessaging: Initializing TcpMessaging bridge
[2017.02.07-20.52.12:427][  0]LogUdpMessaging: Initializing bridge on interface 0.0.0.0:0 to multicast group 230.0.0.1:6666.
[2017.02.07-20.52.14:779][  0]LogMaterial: Uniform references updated for custom material expression Custom.
[2017.02.07-20.52.17:416][  0]SourceControl: Info Source control is disabled
[2017.02.07-20.52.17:736][  0]SourceControl: Info Source control is disabled
[2017.02.07-20.52.18:049][  0]SourceControl: Info Source control is disabled
[2017.02.07-20.52.18:407][  0]SourceControl: Info Source control is disabled
[2017.02.07-20.52.28:243][  0]LogEngine: Initializing Engine...
[2017.02.07-20.52.28:263][  0]LogHMD: Failed to initialize OpenVR with code 110
[2017.02.07-20.52.30:653][  0]LogAIModule: Creating AISystem for world Untitled
[2017.02.07-20.52.30:848][  0]LogInit: XAudio2 using 'SAMSUNG-4 (NVIDIA High Definition Audio)' : 2 channels at 48 kHz using 16 bits per sample (channel mask 0x3)
[2017.02.07-20.52.30:913][  0]LogInit: FAudioDevice initialized.
[2017.02.07-20.52.30:960][  0]LogDerivedDataCache: Saved boot cache 0.05s 50MB C:/Users/Mariu/AppData/Local/UnrealEngine/4.14/DerivedDataCache/Boot.ddc.
[2017.02.07-20.52.30:968][  0]LogInit: Texture streaming: Enabled
[2017.02.07-20.52.32:644][  0]LogInit: Transaction tracking system initialized
[2017.02.07-20.52.35:293][  0]BlueprintLog: New page: Editor Load
[2017.02.07-20.52.42:242][  0]LocalizationService: Info Localization service is disabled
[2017.02.07-20.52.48:106][  0]LogConsoleResponse:Display: 
[2017.02.07-20.52.52:128][  0]LogCook:Display: Max memory allowance for cook 16384mb min free memory 0mb
[2017.02.07-20.52.52:128][  0]LogCook:Display: Mobile HDR setting 1
[2017.02.07-20.52.52:415][  0]LogFileCache: Scanning file cache for directory 'D:/Dev/2017/FightGame/FightGame/Content/' took 0.08s
[2017.02.07-20.52.59:442][  0]SourceControl: Info Source control is disabled
[2017.02.07-20.52.59:494][  0]Cmd: MAP LOAD FILE="D:/Dev/2017/FightGame/FightGame/Content/FightGame/Maps/MainMenu.umap" TEMPLATE=0 SHOWPROGRESS=1 FEATURELEVEL=3
[2017.02.07-20.52.59:606][  0]LightingResults: New page: Lighting Build
[2017.02.07-20.52.59:964][  0]MapCheck: New page: Map Check
[2017.02.07-20.52.59:964][  0]LightingResults: New page: Lighting Build
[2017.02.07-20.53.02:414][  0]LogAIModule: Creating AISystem for world MainMenu
[2017.02.07-20.53.02:526][  0]LogEditorServer: Finished looking for orphan Actors (0.000 secs)
[2017.02.07-20.53.02:619][  0]Cmd: MAP CHECKDEP NOCLEARLOG
[2017.02.07-20.53.02:777][  0]MapCheck: Info Map check complete: 0 Error(s), 0 Warning(s), took 157,159ms to complete.
[2017.02.07-20.53.02:777][  0]LogFileHelpers: Loading map 'MainMenu' took 3.283
[2017.02.07-20.53.04:286][  0]LogCollectionManager: Loaded 0 collections in 0.002785 seconds
[2017.02.07-20.53.04:782][  0]LogFileCache: Scanning file cache for directory 'D:/Dev/2017/FightGame/FightGame/Saved/Collections/' took 0.01s
[2017.02.07-20.53.04:782][  0]LogFileCache: Scanning file cache for directory 'D:/Dev/2017/FightGame/FightGame/Content/Developers/Mariu/Collections/' took 0.01s
[2017.02.07-20.53.04:782][  0]LogFileCache: Scanning file cache for directory 'D:/Dev/2017/FightGame/FightGame/Content/Collections/' took 0.01s
[2017.02.07-20.53.04:782][  0]LogCollectionManager: Rebuilt the GUID cache for 0 collections in 0.000004 seconds
[2017.02.07-20.53.04:797][  0]LogContentBrowser: Native class hierarchy populated in 0.0128 seconds. Added 2209 classes and 439 folders.
[2017.02.07-20.53.05:148][  0]LogStats: UGameplayTagsManager::ConstructGameplayTagTree: Construct from data asset -  0.000 s
[2017.02.07-20.53.05:148][  0]LogStats: UGameplayTagsManager::ConstructGameplayTagTree: GameplayTagTreeChangedEvent.Broadcast -  0.000 s
[2017.02.07-20.53.05:149][  0]LogContentBrowser: Native class hierarchy updated for 'GameplayTags' in 0.0009 seconds. Added 13 classes and 0 folders.
[2017.02.07-20.53.05:624][  0]LogContentBrowser: Native class hierarchy updated for 'WidgetCarousel' in 0.0007 seconds. Added 0 classes and 0 folders.
[2017.02.07-20.53.09:168][  0]LogContentBrowser: Native class hierarchy updated for 'AddContentDialog' in 0.0011 seconds. Added 0 classes and 0 folders.
[2017.02.07-20.53.09:586][  0]LogContentBrowser: Native class hierarchy updated for 'SceneOutliner' in 0.0008 seconds. Added 1 classes and 2 folders.
[2017.02.07-20.53.11:491][  0]LogCrashTracker: Crashtracker disabled due to settings.
[2017.02.07-20.53.11:819][  0]LogUObjectGlobals:Warning: Failed to find object 'Class None.'
[2017.02.07-20.53.12:277][  0]LogContentBrowser: Native class hierarchy updated for 'HierarchicalLODOutliner' in 0.0008 seconds. Added 1 classes and 2 folders.
[2017.02.07-20.53.12:278][  0]LogLoad: (Engine Initialization) Total time: 141.63 seconds
[2017.02.07-20.53.12:278][  0]LogLoad: (Engine Initialization) Total Blueprint compile time: 1.42 seconds
[2017.02.07-20.53.12:298][  0]LogExternalProfiler: Found external profiler: VSPerf
[2017.02.07-20.53.12:298][  0]LogExternalProfiler: Using external profiler: VSPerf
[2017.02.07-20.53.12:729][  0]LogOcInput: OculusInput pre-init called
[2017.02.07-20.53.12:844][  0]LogContentStreaming: Texture pool size now 1000 MB
[2017.02.07-20.53.14:189][  0]LogRenderer: Reallocating scene render targets to support 1000x576 NumSamples 1 (Frame:2).
[2017.02.07-20.53.15:630][  5]LogAssetRegistry: Asset discovery search completed in 82.0596 seconds
[2017.02.07-20.53.15:631][  5]LogCollectionManager: Rebuilt the object cache for 0 collections in 0.000001 seconds (found 0 objects)
[2017.02.07-20.53.15:631][  5]LogCollectionManager: Fixed up redirectors for 0 collections in 0.000042 seconds (updated 0 objects)
[2017.02.07-20.53.38:996][ 89]LogContentBrowser: Native class hierarchy updated for 'BlueprintGraph' in 0.0011 seconds. Added 111 classes and 0 folders.
[2017.02.07-20.56.14:901][800]LogTemp: Repeting last play command: New Editor Window (PIE)
[2017.02.07-20.56.14:940][800]LogBlueprintUserMessages: Early PlayInEditor Detection: Level '/Game/FightGame/Maps/MainMenu.MainMenu:PersistentLevel' has LevelScriptBlueprint '/Game/FightGame/Maps/MainMenu.MainMenu:PersistentLevel.MainMenu' with GeneratedClass '/Game/FightGame/Maps/MainMenu.MainMenu_C' with ClassGeneratedBy '/Game/FightGame/Maps/MainMenu.MainMenu:PersistentLevel.MainMenu'
[2017.02.07-20.56.14:959][800]LogPlayLevel: PlayLevel: No blueprints needed recompiling
[2017.02.07-20.56.15:061][800]PIE: New page: PIE session: MainMenu (08 Feb 2017, 12:56:15 AM)
[2017.02.07-20.56.15:081][800]LogPlayLevel: Creating play world package: /Game/FightGame/Maps/UEDPIE_0_MainMenu
[2017.02.07-20.56.15:143][800]LogPlayLevel: PIE: StaticDuplicateObject took: (0.062057s)
[2017.02.07-20.56.15:145][800]LogAIModule: Creating AISystem for world MainMenu
[2017.02.07-20.56.15:169][800]LogPlayLevel: PIE: World Init took: (0.025609s)
[2017.02.07-20.56.15:173][800]LogPlayLevel: PIE: Created PIE world by copying editor world from /Game/FightGame/Maps/MainMenu.MainMenu to /Game/FightGame/Maps/UEDPIE_0_MainMenu.MainMenu (0.092014s)
[2017.02.07-20.56.15:498][800]LogInit: XAudio2 using 'SAMSUNG-4 (NVIDIA High Definition Audio)' : 2 channels at 48 kHz using 16 bits per sample (channel mask 0x3)
[2017.02.07-20.56.15:516][800]LogInit: FAudioDevice initialized.
[2017.02.07-20.56.18:575][800]LogLoad: Game class is 'ThirdPersonGameMode_C'
[2017.02.07-20.56.18:627][800]LogWorld: Bringing World /Game/FightGame/Maps/UEDPIE_0_MainMenu.MainMenu up for play (max tick rate 0) at 2017.02.07-22.56.18
[2017.02.07-20.56.18:690][800]LogWorld: Bringing up level for play took: 0.047956
[2017.02.07-20.56.18:801][800]LogGameMode: Warning - PATHS NOT DEFINED or NO PLAYERSTART with positive rating
[2017.02.07-20.56.19:269][800]LogContentBrowser: Native class hierarchy updated for 'MovieSceneCapture' in 0.0017 seconds. Added 11 classes and 0 folders.
[2017.02.07-20.56.19:764][800]PIE: Info Play in editor start time for /Game/FightGame/Maps/UEDPIE_0_MainMenu 4,732
[2017.02.07-20.56.19:770][800]LogBlueprintUserMessages: Late PlayInEditor Detection: Level '/Game/FightGame/Maps/MainMenu.MainMenu:PersistentLevel' has LevelScriptBlueprint '/Game/FightGame/Maps/MainMenu.MainMenu:PersistentLevel.MainMenu' with GeneratedClass '/Game/FightGame/Maps/MainMenu.MainMenu_C' with ClassGeneratedBy '/Game/FightGame/Maps/MainMenu.MainMenu:PersistentLevel.MainMenu'
[2017.02.07-20.56.19:915][800]LogRenderer: Reallocating scene render targets to support 1292x756 NumSamples 1 (Frame:1648).
[2017.02.07-20.56.23:502][178]LogBlueprintUserMessages: Early EndPlayMap Detection: Level '/Game/FightGame/Maps/MainMenu.MainMenu:PersistentLevel' has LevelScriptBlueprint '/Game/FightGame/Maps/MainMenu.MainMenu:PersistentLevel.MainMenu' with GeneratedClass '/Game/FightGame/Maps/MainMenu.MainMenu_C' with ClassGeneratedBy '/Game/FightGame/Maps/MainMenu.MainMenu:PersistentLevel.MainMenu'
[2017.02.07-20.56.23:615][178]LogBlueprintUserMessages: Late EndPlayMap Detection: Level '/Game/FightGame/Maps/MainMenu.MainMenu:PersistentLevel' has LevelScriptBlueprint '/Game/FightGame/Maps/MainMenu.MainMenu:PersistentLevel.MainMenu' with GeneratedClass '/Game/FightGame/Maps/MainMenu.MainMenu_C' with ClassGeneratedBy '/Game/FightGame/Maps/MainMenu.MainMenu:PersistentLevel.MainMenu'
[2017.02.07-20.57.22:319][ 86]LogUObjectHash:Warning: Ambiguous search, could be CanvasPanel /Game/FightGame/UI/MainMenu/HostMenu.HostMenu:WidgetTree.CanvasPanel_0 or CanvasPanel /Game/FightGame/UI/MainMenu/MainMenu.MainMenu:WidgetTree.CanvasPanel_0
[2017.02.07-20.57.22:319][ 86]LogUObjectHash:Warning: Ambiguous search, could be CanvasPanel /Game/FightGame/UI/MainMenu/HostMenu.HostMenu:WidgetTree.CanvasPanel_0 or CanvasPanel /Game/FightGame/UI/MainMenu/OptionsMenu.OptionsMenu:WidgetTree.CanvasPanel_0
[2017.02.07-20.57.22:319][ 86]LogUObjectHash:Warning: Ambiguous search, could be CanvasPanel /Game/FightGame/UI/MainMenu/HostMenu.HostMenu:WidgetTree.CanvasPanel_0 or CanvasPanel /Game/FightGame/UI/MainMenu/HostMenu.HostMenu_C:WidgetTree.CanvasPanel_0
[2017.02.07-20.57.22:319][ 86]LogUObjectHash:Warning: Ambiguous search, could be CanvasPanel /Game/FightGame/UI/MainMenu/HostMenu.HostMenu:WidgetTree.CanvasPanel_0 or CanvasPanel /Game/FightGame/UI/MainMenu/MainMenu.MainMenu_C:WidgetTree.CanvasPanel_0
[2017.02.07-20.57.22:319][ 86]LogUObjectHash:Warning: Ambiguous search, could be CanvasPanel /Game/FightGame/UI/MainMenu/HostMenu.HostMenu:WidgetTree.CanvasPanel_0 or CanvasPanel /Game/FightGame/UI/MainMenu/OptionsMenu.OptionsMenu_C:WidgetTree.CanvasPanel_0
[2017.02.07-20.57.22:319][ 86]LogUObjectHash:Warning: Ambiguous search, could be CanvasPanel /Game/FightGame/UI/MainMenu/HostMenu.HostMenu:WidgetTree.CanvasPanel_0 or CanvasPanel /Engine/Transient.World_3:HostMenu_C_1.WidgetTree.CanvasPanel_0
[2017.02.07-20.57.22:319][ 86]LogUObjectHash:Warning: Ambiguous search, could be CanvasPanel /Game/FightGame/UI/MainMenu/HostMenu.HostMenu:WidgetTree.CanvasPanel_0 or CanvasPanel /Game/FightGame/UI/MainMenu/ServerMenu.ServerMenu:WidgetTree.CanvasPanel_0
[2017.02.07-20.57.22:319][ 86]LogUObjectHash:Warning: Ambiguous search, could be CanvasPanel /Game/FightGame/UI/MainMenu/HostMenu.HostMenu:WidgetTree.CanvasPanel_0 or CanvasPanel /Engine/Transient.World_3:HostMenu_C_0.WidgetTree.CanvasPanel_0
[2017.02.07-20.57.22:319][ 86]LogUObjectHash:Warning: Ambiguous search, could be CanvasPanel /Game/FightGame/UI/MainMenu/HostMenu.HostMenu:WidgetTree.CanvasPanel_0 or CanvasPanel /Engine/Transient.World_1:ServerMenu_C_1.WidgetTree.CanvasPanel_0
[2017.02.07-20.57.22:319][ 86]LogProperty:Warning: Illegal TEXT reference to a private object in external package (CanvasPanelSlot /Game/FightGame/UI/MainMenu/HostMenu.HostMenu:WidgetTree.CanvasPanel_0.CanvasPanelSlot_0) from referencer (Border /Engine/UMG/Editor/Transient.Border_0).  Import failed...
[2017.02.07-20.57.22:319][ 86]LogProperty:Warning: ObjectProperty /Script/UMG.Widget:Slot: unresolved reference to 'CanvasPanelSlot'CanvasPanel_0.CanvasPanelSlot_0''
[2017.02.07-21.03.54:441][136]BlueprintLog: New page: Compile ServerMenu
[2017.02.07-21.03.55:753][202]Cmd: OBJ SAVEPACKAGE PACKAGE="/Game/FightGame/UI/MainMenu/ServerMenu" FILE="D:/Dev/2017/FightGame/FightGame/Content/FightGame/UI/MainMenu/ServerMenu.uasset" SILENT=true
[2017.02.07-21.03.56:217][202]LogSavePackage: Save=130.33ms
[2017.02.07-21.03.56:217][202]LogSavePackage: Moving 'D:/Dev/2017/FightGame/FightGame/Saved/ServerMenu99CD0CBF4F66817536180F877D765A8F.tmp' to 'D:/Dev/2017/FightGame/FightGame/Content/FightGame/UI/MainMenu/ServerMenu.uasset'
[2017.02.07-21.03.56:221][202]LogSavePackage:Display: Finished SavePackage D:/Dev/2017/FightGame/FightGame/Content/FightGame/UI/MainMenu/ServerMenu.uasset
[2017.02.07-21.27.21:028][524]Cmd: OBJ SAVEPACKAGE PACKAGE="/Game/FightGame/UI/MainMenu/ServerMenu" FILE="D:/Dev/2017/FightGame/FightGame/Content/FightGame/UI/MainMenu/ServerMenu.uasset" SILENT=true
[2017.02.07-21.27.21:102][524]LogSavePackage: Save=52.26ms
[2017.02.07-21.27.21:102][524]LogSavePackage: Moving 'D:/Dev/2017/FightGame/FightGame/Saved/ServerMenu4A1B470D472628D32D4244B0FC816697.tmp' to 'D:/Dev/2017/FightGame/FightGame/Content/FightGame/UI/MainMenu/ServerMenu.uasset'
[2017.02.07-21.27.21:106][524]LogSavePackage:Display: Finished SavePackage D:/Dev/2017/FightGame/FightGame/Content/FightGame/UI/MainMenu/ServerMenu.uasset
[2017.02.07-21.58.18:441][318]LogFileHelpers: Editor autosave (incl. sublevels) for '/Game/FightGame/Maps/MainMenu' took 0.015
[2017.02.07-21.58.18:472][318]OBJ SavePackage: Generating thumbnails for [0] asset(s) in package [/Game/FightGame/UI/MainMenu/ServerMenu] ([1] browsable assets)...
[2017.02.07-21.58.18:473][318]OBJ SavePackage: Finished generating thumbnails for package [/Game/FightGame/UI/MainMenu/ServerMenu]
[2017.02.07-21.58.18:473][318]Cmd: OBJ SAVEPACKAGE PACKAGE="/Game/FightGame/UI/MainMenu/ServerMenu" FILE="D:/Dev/2017/FightGame/FightGame/Saved/Autosaves/Game/FightGame/UI/MainMenu/ServerMenu_Auto1.uasset" SILENT=false AUTOSAVING=true
[2017.02.07-21.58.18:504][318]LogSavePackage: Save=23.03ms
[2017.02.07-21.58.18:504][318]LogSavePackage: Moving 'D:/Dev/2017/FightGame/FightGame/Saved/ServerMenu_Auto14D8325734AC494746CC85A8439DB1988.tmp' to 'D:/Dev/2017/FightGame/FightGame/Saved/Autosaves/Game/FightGame/UI/MainMenu/ServerMenu_Auto1.uasset'
[2017.02.07-21.58.18:516][318]LogSavePackage:Display: Finished SavePackage D:/Dev/2017/FightGame/FightGame/Saved/Autosaves/Game/FightGame/UI/MainMenu/ServerMenu_Auto1.uasset
[2017.02.07-21.58.18:516][318]LogFileHelpers: Auto-saving content packages took 0.074
[2017.02.07-21.58.30:855][ 93]BlueprintLog: New page: Compile ServerMenu
[2017.02.07-21.58.31:674][163]Cmd: OBJ SAVEPACKAGE PACKAGE="/Game/FightGame/UI/MainMenu/ServerMenu" FILE="D:/Dev/2017/FightGame/FightGame/Content/FightGame/UI/MainMenu/ServerMenu.uasset" SILENT=true
[2017.02.07-21.58.31:752][163]LogSavePackage: Save=71.60ms
[2017.02.07-21.58.31:752][163]LogSavePackage: Moving 'D:/Dev/2017/FightGame/FightGame/Saved/ServerMenu40BAC27D4C80A453CC1E2F9DDB301E6E.tmp' to 'D:/Dev/2017/FightGame/FightGame/Content/FightGame/UI/MainMenu/ServerMenu.uasset'
[2017.02.07-21.58.31:757][163]LogSavePackage:Display: Finished SavePackage D:/Dev/2017/FightGame/FightGame/Content/FightGame/UI/MainMenu/ServerMenu.uasset
[2017.02.07-22.01.56:215][673]BlueprintLog: New page: Compile ServerMenu
[2017.02.07-22.01.58:825][960]Cmd: OBJ SAVEPACKAGE PACKAGE="/Game/FightGame/UI/MainMenu/ServerMenu" FILE="D:/Dev/2017/FightGame/FightGame/Content/FightGame/UI/MainMenu/ServerMenu.uasset" SILENT=true
[2017.02.07-22.01.58:853][960]LogSavePackage: Save=22.34ms
[2017.02.07-22.01.58:853][960]LogSavePackage: Moving 'D:/Dev/2017/FightGame/FightGame/Saved/ServerMenu2240C7474DC1506CF026648486AFD6DB.tmp' to 'D:/Dev/2017/FightGame/FightGame/Content/FightGame/UI/MainMenu/ServerMenu.uasset'
[2017.02.07-22.01.58:856][960]LogSavePackage:Display: Finished SavePackage D:/Dev/2017/FightGame/FightGame/Content/FightGame/UI/MainMenu/ServerMenu.uasset
[2017.02.07-22.08.19:220][245]LogFileHelpers: Editor autosave (incl. sublevels) for '/Game/FightGame/Maps/MainMenu' took 0.018
[2017.02.07-22.08.19:222][245]OBJ SavePackage: Generating thumbnails for [0] asset(s) in package [/Game/FightGame/UI/MainMenu/ServerMenu] ([1] browsable assets)...
[2017.02.07-22.08.19:222][245]OBJ SavePackage: Finished generating thumbnails for package [/Game/FightGame/UI/MainMenu/ServerMenu]
[2017.02.07-22.08.19:222][245]Cmd: OBJ SAVEPACKAGE PACKAGE="/Game/FightGame/UI/MainMenu/ServerMenu" FILE="D:/Dev/2017/FightGame/FightGame/Saved/Autosaves/Game/FightGame/UI/MainMenu/ServerMenu_Auto2.uasset" SILENT=false AUTOSAVING=true
[2017.02.07-22.08.19:255][245]LogSavePackage: Save=22.89ms
[2017.02.07-22.08.19:255][245]LogSavePackage: Moving 'D:/Dev/2017/FightGame/FightGame/Saved/ServerMenu_Auto24E18A7F04ADA9A8707ED35A2012B9663.tmp' to 'D:/Dev/2017/FightGame/FightGame/Saved/Autosaves/Game/FightGame/UI/MainMenu/ServerMenu_Auto2.uasset'
[2017.02.07-22.08.19:256][245]LogSavePackage:Display: Finished SavePackage D:/Dev/2017/FightGame/FightGame/Saved/Autosaves/Game/FightGame/UI/MainMenu/ServerMenu_Auto2.uasset
[2017.02.07-22.08.19:256][245]LogFileHelpers: Auto-saving content packages took 0.035
[2017.02.07-22.12.06:283][601]BlueprintLog: New page: Compile ServerMenu
[2017.02.07-22.12.06:907][649]Cmd: OBJ SAVEPACKAGE PACKAGE="/Game/FightGame/UI/MainMenu/ServerMenu" FILE="D:/Dev/2017/FightGame/FightGame/Content/FightGame/UI/MainMenu/ServerMenu.uasset" SILENT=true
[2017.02.07-22.12.06:986][649]LogSavePackage: Save=56.65ms
[2017.02.07-22.12.06:986][649]LogSavePackage: Moving 'D:/Dev/2017/FightGame/FightGame/Saved/ServerMenu199CC084488C1A251D5511BA14ECA437.tmp' to 'D:/Dev/2017/FightGame/FightGame/Content/FightGame/UI/MainMenu/ServerMenu.uasset'
[2017.02.07-22.12.06:991][649]LogSavePackage:Display: Finished SavePackage D:/Dev/2017/FightGame/FightGame/Content/FightGame/UI/MainMenu/ServerMenu.uasset
[2017.02.07-22.12.52:604][460]BlueprintLog: New page: Compile ServerMenu
[2017.02.07-22.12.53:433][543]Cmd: OBJ SAVEPACKAGE PACKAGE="/Game/FightGame/UI/MainMenu/ServerMenu" FILE="D:/Dev/2017/FightGame/FightGame/Content/FightGame/UI/MainMenu/ServerMenu.uasset" SILENT=true
[2017.02.07-22.12.53:464][543]LogSavePackage: Save=24.47ms
[2017.02.07-22.12.53:464][543]LogSavePackage: Moving 'D:/Dev/2017/FightGame/FightGame/Saved/ServerMenu814EEB524431A83F965861A32D8DAE1D.tmp' to 'D:/Dev/2017/FightGame/FightGame/Content/FightGame/UI/MainMenu/ServerMenu.uasset'
[2017.02.07-22.12.53:466][543]LogSavePackage:Display: Finished SavePackage D:/Dev/2017/FightGame/FightGame/Content/FightGame/UI/MainMenu/ServerMenu.uasset
[2017.02.07-22.18.13:340][645]BlueprintLog: New page: Compile ServerMenu
[2017.02.07-22.18.13:898][685]Cmd: OBJ SAVEPACKAGE PACKAGE="/Game/FightGame/UI/MainMenu/ServerMenu" FILE="D:/Dev/2017/FightGame/FightGame/Content/FightGame/UI/MainMenu/ServerMenu.uasset" SILENT=true
[2017.02.07-22.18.13:938][685]LogSavePackage: Save=28.19ms
[2017.02.07-22.18.13:938][685]LogSavePackage: Moving 'D:/Dev/2017/FightGame/FightGame/Saved/ServerMenuD933BF6A40342A5392CBCDBB60E14D50.tmp' to 'D:/Dev/2017/FightGame/FightGame/Content/FightGame/UI/MainMenu/ServerMenu.uasset'
[2017.02.07-22.18.13:941][685]LogSavePackage:Display: Finished SavePackage D:/Dev/2017/FightGame/FightGame/Content/FightGame/UI/MainMenu/ServerMenu.uasset
[2017.02.07-22.19.20:874][914]LogFileHelpers: Editor autosave (incl. sublevels) for '/Game/FightGame/Maps/MainMenu' took 0.015
[2017.02.07-22.19.20:876][914]OBJ SavePackage: Generating thumbnails for [0] asset(s) in package [/Game/FightGame/UI/MainMenu/ServerMenu] ([1] browsable assets)...
[2017.02.07-22.19.20:876][914]OBJ SavePackage: Finished generating thumbnails for package [/Game/FightGame/UI/MainMenu/ServerMenu]
[2017.02.07-22.19.20:876][914]Cmd: OBJ SAVEPACKAGE PACKAGE="/Game/FightGame/UI/MainMenu/ServerMenu" FILE="D:/Dev/2017/FightGame/FightGame/Saved/Autosaves/Game/FightGame/UI/MainMenu/ServerMenu_Auto3.uasset" SILENT=false AUTOSAVING=true
[2017.02.07-22.19.20:912][914]LogSavePackage: Save=29.21ms
[2017.02.07-22.19.20:912][914]LogSavePackage: Moving 'D:/Dev/2017/FightGame/FightGame/Saved/ServerMenu_Auto3E13DA7A9442893814CA00DA524828CCE.tmp' to 'D:/Dev/2017/FightGame/FightGame/Saved/Autosaves/Game/FightGame/UI/MainMenu/ServerMenu_Auto3.uasset'
[2017.02.07-22.19.20:913][914]LogSavePackage:Display: Finished SavePackage D:/Dev/2017/FightGame/FightGame/Saved/Autosaves/Game/FightGame/UI/MainMenu/ServerMenu_Auto3.uasset
[2017.02.07-22.19.20:913][914]LogFileHelpers: Auto-saving content packages took 0.038
[2017.02.07-22.19.25:263][434]BlueprintLog: New page: Compile ServerMenu
[2017.02.07-22.19.25:889][482]Cmd: OBJ SAVEPACKAGE PACKAGE="/Game/FightGame/UI/MainMenu/ServerMenu" FILE="D:/Dev/2017/FightGame/FightGame/Content/FightGame/UI/MainMenu/ServerMenu.uasset" SILENT=true
[2017.02.07-22.19.25:926][482]LogSavePackage: Save=31.63ms
[2017.02.07-22.19.25:926][482]LogSavePackage: Moving 'D:/Dev/2017/FightGame/FightGame/Saved/ServerMenuD0103BC54848983CB78B4C98708A2A3D.tmp' to 'D:/Dev/2017/FightGame/FightGame/Content/FightGame/UI/MainMenu/ServerMenu.uasset'
[2017.02.07-22.19.25:929][482]LogSavePackage:Display: Finished SavePackage D:/Dev/2017/FightGame/FightGame/Content/FightGame/UI/MainMenu/ServerMenu.uasset
[2017.02.07-22.22.27:341][352]BlueprintLog: New page: Compile ServerMenu
[2017.02.07-22.22.28:002][403]Cmd: OBJ SAVEPACKAGE PACKAGE="/Game/FightGame/UI/MainMenu/ServerMenu" FILE="D:/Dev/2017/FightGame/FightGame/Content/FightGame/UI/MainMenu/ServerMenu.uasset" SILENT=true
[2017.02.07-22.22.28:040][403]LogSavePackage: Save=33.30ms
[2017.02.07-22.22.28:040][403]LogSavePackage: Moving 'D:/Dev/2017/FightGame/FightGame/Saved/ServerMenuB9743710403284C8807D439C1E71CD6F.tmp' to 'D:/Dev/2017/FightGame/FightGame/Content/FightGame/UI/MainMenu/ServerMenu.uasset'
[2017.02.07-22.22.28:043][403]LogSavePackage:Display: Finished SavePackage D:/Dev/2017/FightGame/FightGame/Content/FightGame/UI/MainMenu/ServerMenu.uasset
[2017.02.07-22.23.07:170][890]BlueprintLog: New page: Compile ServerMenu
[2017.02.07-22.23.07:789][930]Cmd: OBJ SAVEPACKAGE PACKAGE="/Game/FightGame/UI/MainMenu/ServerMenu" FILE="D:/Dev/2017/FightGame/FightGame/Content/FightGame/UI/MainMenu/ServerMenu.uasset" SILENT=true
[2017.02.07-22.23.07:844][930]LogSavePackage: Save=49.78ms
[2017.02.07-22.23.07:844][930]LogSavePackage: Moving 'D:/Dev/2017/FightGame/FightGame/Saved/ServerMenuD063CBF247ABB7297B5D9487BD75E610.tmp' to 'D:/Dev/2017/FightGame/FightGame/Content/FightGame/UI/MainMenu/ServerMenu.uasset'
[2017.02.07-22.23.07:847][930]LogSavePackage:Display: Finished SavePackage D:/Dev/2017/FightGame/FightGame/Content/FightGame/UI/MainMenu/ServerMenu.uasset
[2017.02.07-22.25.46:908][628]BlueprintLog: New page: Compile ServerMenu
[2017.02.07-22.25.47:458][663]Cmd: OBJ SAVEPACKAGE PACKAGE="/Game/FightGame/UI/MainMenu/ServerMenu" FILE="D:/Dev/2017/FightGame/FightGame/Content/FightGame/UI/MainMenu/ServerMenu.uasset" SILENT=true
[2017.02.07-22.25.47:503][663]LogSavePackage: Save=34.92ms
[2017.02.07-22.25.47:503][663]LogSavePackage: Moving 'D:/Dev/2017/FightGame/FightGame/Saved/ServerMenu72453005417F9D6B63410CAAEAED0C22.tmp' to 'D:/Dev/2017/FightGame/FightGame/Content/FightGame/UI/MainMenu/ServerMenu.uasset'
[2017.02.07-22.25.47:506][663]LogSavePackage:Display: Finished SavePackage D:/Dev/2017/FightGame/FightGame/Content/FightGame/UI/MainMenu/ServerMenu.uasset
[2017.02.07-22.27.15:357][303]BlueprintLog: New page: Compile ServerMenu
[2017.02.07-22.27.16:015][351]Cmd: OBJ SAVEPACKAGE PACKAGE="/Game/FightGame/UI/MainMenu/ServerMenu" FILE="D:/Dev/2017/FightGame/FightGame/Content/FightGame/UI/MainMenu/ServerMenu.uasset" SILENT=true
[2017.02.07-22.27.16:056][351]LogSavePackage: Save=34.80ms
[2017.02.07-22.27.16:056][351]LogSavePackage: Moving 'D:/Dev/2017/FightGame/FightGame/Saved/ServerMenu0BDC1B2C4ACD942A7BBC2CB05AC920A3.tmp' to 'D:/Dev/2017/FightGame/FightGame/Content/FightGame/UI/MainMenu/ServerMenu.uasset'
[2017.02.07-22.27.16:058][351]LogSavePackage:Display: Finished SavePackage D:/Dev/2017/FightGame/FightGame/Content/FightGame/UI/MainMenu/ServerMenu.uasset
[2017.02.07-22.29.37:237][151]BlueprintLog: New page: Compile ServerMenu
[2017.02.07-22.29.37:279][151]LogBlueprint:Error: [Compiler ServerMenu] Error The current value of the ' Delegate ' pin is invalid: Unsupported type Delegate on pin Delegate
[2017.02.07-22.29.37:533][151]BlueprintEditorCompileResults:Error: Error The current value of the ' Delegate ' pin is invalid: Unsupported type Delegate on pin Delegate
[2017.02.07-22.29.37:544][151]LogBlueprint:Warning: [Compiler ServerMenu] Warning [5926,89] Compile of ServerMenu failed. 1 Fatal Issue(s) 0 Warning(s) [in 298 ms] (/Game/FightGame/UI/MainMenu/ServerMenu.ServerMenu)
[2017.02.07-22.29.38:014][197]Cmd: OBJ SAVEPACKAGE PACKAGE="/Game/FightGame/UI/MainMenu/ServerMenu" FILE="D:/Dev/2017/FightGame/FightGame/Content/FightGame/UI/MainMenu/ServerMenu.uasset" SILENT=true
[2017.02.07-22.29.38:057][197]LogSavePackage: Save=36.73ms
[2017.02.07-22.29.38:057][197]LogSavePackage: Moving 'D:/Dev/2017/FightGame/FightGame/Saved/ServerMenu51B57CDB4FD2FD1CF3FE7B8711080B88.tmp' to 'D:/Dev/2017/FightGame/FightGame/Content/FightGame/UI/MainMenu/ServerMenu.uasset'
[2017.02.07-22.29.38:059][197]LogSavePackage:Display: Finished SavePackage D:/Dev/2017/FightGame/FightGame/Content/FightGame/UI/MainMenu/ServerMenu.uasset
[2017.02.07-22.30.32:012][790]BlueprintLog: New page: Compile ServerMenu
[2017.02.07-22.30.32:311][791]LogFileHelpers: Editor autosave (incl. sublevels) for '/Game/FightGame/Maps/MainMenu' took 0.015
[2017.02.07-22.30.32:314][791]OBJ SavePackage: Generating thumbnails for [0] asset(s) in package [/Game/FightGame/UI/MainMenu/ServerMenu] ([1] browsable assets)...
[2017.02.07-22.30.32:314][791]OBJ SavePackage: Finished generating thumbnails for package [/Game/FightGame/UI/MainMenu/ServerMenu]
[2017.02.07-22.30.32:314][791]Cmd: OBJ SAVEPACKAGE PACKAGE="/Game/FightGame/UI/MainMenu/ServerMenu" FILE="D:/Dev/2017/FightGame/FightGame/Saved/Autosaves/Game/FightGame/UI/MainMenu/ServerMenu_Auto4.uasset" SILENT=false AUTOSAVING=true
[2017.02.07-22.30.32:359][791]LogSavePackage: Save=38.63ms
[2017.02.07-22.30.32:359][791]LogSavePackage: Moving 'D:/Dev/2017/FightGame/FightGame/Saved/ServerMenu_Auto498419941449A65E07F96EA91D2CB6DED.tmp' to 'D:/Dev/2017/FightGame/FightGame/Saved/Autosaves/Game/FightGame/UI/MainMenu/ServerMenu_Auto4.uasset'
[2017.02.07-22.30.32:360][791]LogSavePackage:Display: Finished SavePackage D:/Dev/2017/FightGame/FightGame/Saved/Autosaves/Game/FightGame/UI/MainMenu/ServerMenu_Auto4.uasset
[2017.02.07-22.30.32:360][791]LogFileHelpers: Auto-saving content packages took 0.047
[2017.02.07-22.32.55:654][242]BlueprintLog: New page: Compile ServerMenu
[2017.02.07-22.32.56:111][261]Cmd: OBJ SAVEPACKAGE PACKAGE="/Game/FightGame/UI/MainMenu/ServerMenu" FILE="D:/Dev/2017/FightGame/FightGame/Content/FightGame/UI/MainMenu/ServerMenu.uasset" SILENT=true
[2017.02.07-22.32.56:173][261]LogSavePackage: Save=40.91ms
[2017.02.07-22.32.56:173][261]LogSavePackage: Moving 'D:/Dev/2017/FightGame/FightGame/Saved/ServerMenuBE0FBE3A4A483765BECFAEA76BCAE40E.tmp' to 'D:/Dev/2017/FightGame/FightGame/Content/FightGame/UI/MainMenu/ServerMenu.uasset'
[2017.02.07-22.32.56:175][261]LogSavePackage:Display: Finished SavePackage D:/Dev/2017/FightGame/FightGame/Content/FightGame/UI/MainMenu/ServerMenu.uasset
[2017.02.07-22.33.57:315][168]BlueprintLog: New page: Compile ServerMenu
[2017.02.07-22.33.57:807][204]Cmd: OBJ SAVEPACKAGE PACKAGE="/Game/FightGame/UI/MainMenu/ServerMenu" FILE="D:/Dev/2017/FightGame/FightGame/Content/FightGame/UI/MainMenu/ServerMenu.uasset" SILENT=true
[2017.02.07-22.33.57:862][204]LogSavePackage: Save=49.34ms
[2017.02.07-22.33.57:862][204]LogSavePackage: Moving 'D:/Dev/2017/FightGame/FightGame/Saved/ServerMenu767433854ADC707FC405F8B059E232D2.tmp' to 'D:/Dev/2017/FightGame/FightGame/Content/FightGame/UI/MainMenu/ServerMenu.uasset'
[2017.02.07-22.33.57:865][204]LogSavePackage:Display: Finished SavePackage D:/Dev/2017/FightGame/FightGame/Content/FightGame/UI/MainMenu/ServerMenu.uasset
[2017.02.07-22.34.44:204][366]BlueprintLog: New page: Compile ServerMenu
[2017.02.07-22.38.04:171][463]BlueprintLog: New page: Compile ServerMenu
[2017.02.07-22.38.05:037][535]Cmd: OBJ SAVEPACKAGE PACKAGE="/Game/FightGame/UI/MainMenu/ServerMenu" FILE="D:/Dev/2017/FightGame/FightGame/Content/FightGame/UI/MainMenu/ServerMenu.uasset" SILENT=true
[2017.02.07-22.38.05:092][535]LogSavePackage: Save=44.13ms
[2017.02.07-22.38.05:092][535]LogSavePackage: Moving 'D:/Dev/2017/FightGame/FightGame/Saved/ServerMenu5E5302E646ACB8A4BF2DC5B795A50899.tmp' to 'D:/Dev/2017/FightGame/FightGame/Content/FightGame/UI/MainMenu/ServerMenu.uasset'
[2017.02.07-22.38.05:095][535]LogSavePackage:Display: Finished SavePackage D:/Dev/2017/FightGame/FightGame/Content/FightGame/UI/MainMenu/ServerMenu.uasset
[2017.02.07-22.39.16:609][847]BlueprintLog: New page: Compile ServerMenu
[2017.02.07-22.39.17:154][886]Cmd: OBJ SAVEPACKAGE PACKAGE="/Game/FightGame/UI/MainMenu/ServerMenu" FILE="D:/Dev/2017/FightGame/FightGame/Content/FightGame/UI/MainMenu/ServerMenu.uasset" SILENT=true
[2017.02.07-22.39.17:213][886]LogSavePackage: Save=52.59ms
[2017.02.07-22.39.17:213][886]LogSavePackage: Moving 'D:/Dev/2017/FightGame/FightGame/Saved/ServerMenu426E3DCA49C9578981F0E7B4CD0A800F.tmp' to 'D:/Dev/2017/FightGame/FightGame/Content/FightGame/UI/MainMenu/ServerMenu.uasset'
[2017.02.07-22.39.17:215][886]LogSavePackage:Display: Finished SavePackage D:/Dev/2017/FightGame/FightGame/Content/FightGame/UI/MainMenu/ServerMenu.uasset
[2017.02.07-22.40.44:007][107]LogFileHelpers: Editor autosave (incl. sublevels) for '/Game/FightGame/Maps/MainMenu' took 0.017
[2017.02.07-22.40.44:009][107]OBJ SavePackage: Generating thumbnails for [0] asset(s) in package [/Game/FightGame/UI/MainMenu/ServerMenu] ([1] browsable assets)...
[2017.02.07-22.40.44:009][107]OBJ SavePackage: Finished generating thumbnails for package [/Game/FightGame/UI/MainMenu/ServerMenu]
[2017.02.07-22.40.44:009][107]Cmd: OBJ SAVEPACKAGE PACKAGE="/Game/FightGame/UI/MainMenu/ServerMenu" FILE="D:/Dev/2017/FightGame/FightGame/Saved/Autosaves/Game/FightGame/UI/MainMenu/ServerMenu_Auto5.uasset" SILENT=false AUTOSAVING=true
[2017.02.07-22.40.44:066][107]LogSavePackage: Save=51.82ms
[2017.02.07-22.40.44:066][107]LogSavePackage: Moving 'D:/Dev/2017/FightGame/FightGame/Saved/ServerMenu_Auto527EDE63248B6F4032A138398DC333581.tmp' to 'D:/Dev/2017/FightGame/FightGame/Saved/Autosaves/Game/FightGame/UI/MainMenu/ServerMenu_Auto5.uasset'
[2017.02.07-22.40.44:068][107]LogSavePackage:Display: Finished SavePackage D:/Dev/2017/FightGame/FightGame/Saved/Autosaves/Game/FightGame/UI/MainMenu/ServerMenu_Auto5.uasset
[2017.02.07-22.40.44:068][107]LogFileHelpers: Auto-saving content packages took 0.060
[2017.02.07-22.41.20:687][947]Cmd: OBJ SAVEPACKAGE PACKAGE="/Game/FightGame/UI/MainMenu/ServerMenu" FILE="D:/Dev/2017/FightGame/FightGame/Content/FightGame/UI/MainMenu/ServerMenu.uasset" SILENT=true
[2017.02.07-22.41.20:742][947]LogSavePackage: Save=48.81ms
[2017.02.07-22.41.20:742][947]LogSavePackage: Moving 'D:/Dev/2017/FightGame/FightGame/Saved/ServerMenuC60031CE448EBADA87852A9F6F386DE4.tmp' to 'D:/Dev/2017/FightGame/FightGame/Content/FightGame/UI/MainMenu/ServerMenu.uasset'
[2017.02.07-22.41.20:745][947]LogSavePackage:Display: Finished SavePackage D:/Dev/2017/FightGame/FightGame/Content/FightGame/UI/MainMenu/ServerMenu.uasset
[2017.02.07-22.43.16:699][ 93]LogClass:Warning: Type mismatch in FoundSessions of SKEL_ServerMenu_C - Previous (StructProperty) Current(ArrayProperty) for package:  FObjectReader
[2017.02.07-22.43.20:039][475]BlueprintLog: New page: Compile ServerMenu
[2017.02.07-22.43.20:554][500]Cmd: OBJ SAVEPACKAGE PACKAGE="/Game/FightGame/UI/MainMenu/ServerMenu" FILE="D:/Dev/2017/FightGame/FightGame/Content/FightGame/UI/MainMenu/ServerMenu.uasset" SILENT=true
[2017.02.07-22.43.20:637][500]LogSavePackage: Save=73.62ms
[2017.02.07-22.43.20:637][500]LogSavePackage: Moving 'D:/Dev/2017/FightGame/FightGame/Saved/ServerMenu087EE0214CC950A9A30313A93110DAEA.tmp' to 'D:/Dev/2017/FightGame/FightGame/Content/FightGame/UI/MainMenu/ServerMenu.uasset'
[2017.02.07-22.43.20:640][500]LogSavePackage:Display: Finished SavePackage D:/Dev/2017/FightGame/FightGame/Content/FightGame/UI/MainMenu/ServerMenu.uasset
[2017.02.07-22.45.11:533][523]BlueprintLog: New page: Compile ServerMenu
[2017.02.07-22.47.11:241][152]BlueprintLog: New page: Compile ServerMenu
[2017.02.07-22.47.11:903][197]Cmd: OBJ SAVEPACKAGE PACKAGE="/Game/FightGame/UI/MainMenu/ServerMenu" FILE="D:/Dev/2017/FightGame/FightGame/Content/FightGame/UI/MainMenu/ServerMenu.uasset" SILENT=true
[2017.02.07-22.47.11:962][197]LogSavePackage: Save=53.23ms
[2017.02.07-22.47.11:962][197]LogSavePackage: Moving 'D:/Dev/2017/FightGame/FightGame/Saved/ServerMenu0B7944544EF61FE60994D0ACA6755C59.tmp' to 'D:/Dev/2017/FightGame/FightGame/Content/FightGame/UI/MainMenu/ServerMenu.uasset'
[2017.02.07-22.47.11:964][197]LogSavePackage:Display: Finished SavePackage D:/Dev/2017/FightGame/FightGame/Content/FightGame/UI/MainMenu/ServerMenu.uasset
[2017.02.07-22.50.44:870][762]LogFileHelpers: Editor autosave (incl. sublevels) for '/Game/FightGame/Maps/MainMenu' took 0.021
[2017.02.07-22.50.44:873][762]OBJ SavePackage: Generating thumbnails for [0] asset(s) in package [/Game/FightGame/UI/MainMenu/ServerMenu] ([1] browsable assets)...
[2017.02.07-22.50.44:873][762]OBJ SavePackage: Finished generating thumbnails for package [/Game/FightGame/UI/MainMenu/ServerMenu]
[2017.02.07-22.50.44:873][762]Cmd: OBJ SAVEPACKAGE PACKAGE="/Game/FightGame/UI/MainMenu/ServerMenu" FILE="D:/Dev/2017/FightGame/FightGame/Saved/Autosaves/Game/FightGame/UI/MainMenu/ServerMenu_Auto6.uasset" SILENT=false AUTOSAVING=true
[2017.02.07-22.50.44:966][762]LogSavePackage: Save=66.17ms
[2017.02.07-22.50.44:967][762]LogSavePackage: Moving 'D:/Dev/2017/FightGame/FightGame/Saved/ServerMenu_Auto6B8DFB3CC4BF188BEBF83F69B352B5EC2.tmp' to 'D:/Dev/2017/FightGame/FightGame/Saved/Autosaves/Game/FightGame/UI/MainMenu/ServerMenu_Auto6.uasset'
[2017.02.07-22.50.44:968][762]LogSavePackage:Display: Finished SavePackage D:/Dev/2017/FightGame/FightGame/Saved/Autosaves/Game/FightGame/UI/MainMenu/ServerMenu_Auto6.uasset
[2017.02.07-22.50.44:968][762]LogFileHelpers: Auto-saving content packages took 0.097
[2017.02.07-22.51.42:733][342]Cmd: OBJ SAVEPACKAGE PACKAGE="/Game/FightGame/UI/MainMenu/ServerMenu" FILE="D:/Dev/2017/FightGame/FightGame/Content/FightGame/UI/MainMenu/ServerMenu.uasset" SILENT=true
[2017.02.07-22.51.42:797][342]LogSavePackage: Save=56.99ms
[2017.02.07-22.51.42:797][342]LogSavePackage: Moving 'D:/Dev/2017/FightGame/FightGame/Saved/ServerMenu93180C0944A0F4A2FDA869B798D5800A.tmp' to 'D:/Dev/2017/FightGame/FightGame/Content/FightGame/UI/MainMenu/ServerMenu.uasset'
[2017.02.07-22.51.42:800][342]LogSavePackage:Display: Finished SavePackage D:/Dev/2017/FightGame/FightGame/Content/FightGame/UI/MainMenu/ServerMenu.uasset
[2017.02.07-22.59.05:625][554]BlueprintLog: New page: Compile ServerMenu
[2017.02.07-22.59.06:322][610]Cmd: OBJ SAVEPACKAGE PACKAGE="/Game/FightGame/UI/MainMenu/ServerMenu" FILE="D:/Dev/2017/FightGame/FightGame/Content/FightGame/UI/MainMenu/ServerMenu.uasset" SILENT=true
